app/android/app/build/intermediates/manifest_merge_blame_file/release/processReleaseMainManifest/manifest-merger-blame-release-report.txt
1<?xml version="1.0" encoding="utf-8"?>
2<manifest xmlns:android="http://schemas.android.com/apk/res/android"
3    package="com.omnienterprises.funeralcall"
4    android:versionCode="7"
5    android:versionName="5.0.7" >
6
7    <uses-sdk
8        android:minSdkVersion="24"
9        android:targetSdkVersion="35" />
10
11    <uses-permission android:name="android.permission.INTERNET" />
11-->src\main\AndroidManifest.xml:5:5-67
11-->src\main\AndroidManifest.xml:5:22-64
12    <uses-permission android:name="android.permission.QUERY_ALL_PACKAGES" />
12-->src\main\AndroidManifest.xml:6:5-76
12-->src\main\AndroidManifest.xml:6:22-74
13    <uses-permission android:name="android.permission.READ_CONTACTS" />
13-->src\main\AndroidManifest.xml:7:5-71
13-->src\main\AndroidManifest.xml:7:22-69
14    <uses-permission android:name="android.permission.WRITE_CONTACTS" />
14-->src\main\AndroidManifest.xml:8:5-72
14-->src\main\AndroidManifest.xml:8:22-70
15    <uses-permission android:name="android.permission.WAKE_LOCK" />
15-->[:react-native-firebase_messaging] AndroidManifest.xml:8:5-68
15-->[:react-native-firebase_messaging] AndroidManifest.xml:8:22-65
16    <uses-permission android:name="android.permission.ACCESS_NETWORK_STATE" />
16-->[:react-native-firebase_messaging] AndroidManifest.xml:9:5-79
16-->[:react-native-firebase_messaging] AndroidManifest.xml:9:22-76
17    <uses-permission android:name="android.permission.POST_NOTIFICATIONS" /> <!-- Required by older versions of Google Play services to create IID tokens -->
17-->[com.google.firebase:firebase-messaging:25.0.1] AndroidManifest.xml:23:5-77
17-->[com.google.firebase:firebase-messaging:25.0.1] AndroidManifest.xml:23:22-74
18    <uses-permission android:name="com.google.android.c2dm.permission.RECEIVE" />
18-->[com.google.firebase:firebase-messaging:25.0.1] AndroidManifest.xml:26:5-82
18-->[com.google.firebase:firebase-messaging:25.0.1] AndroidManifest.xml:26:22-79
19    <uses-permission android:name="com.google.android.finsky.permission.BIND_GET_INSTALL_REFERRER_SERVICE" /> <!-- for android -->
19-->[com.android.installreferrer:installreferrer:1.1.2] AndroidManifest.xml:9:5-110
19-->[com.android.installreferrer:installreferrer:1.1.2] AndroidManifest.xml:9:22-107
20    <!-- <uses-permission android:name="com.android.launcher.permission.READ_SETTINGS"/> -->
21    <!-- <uses-permission android:name="com.android.launcher.permission.WRITE_SETTINGS"/> -->
22    <!-- <uses-permission android:name="com.android.launcher.permission.INSTALL_SHORTCUT" /> -->
23    <!-- <uses-permission android:name="com.android.launcher.permission.UNINSTALL_SHORTCUT" /> -->
24    <!-- for Samsung -->
25    <uses-permission android:name="com.sec.android.provider.badge.permission.READ" />
25-->[me.leolin:ShortcutBadger:1.1.22] AndroidManifest.xml:19:5-86
25-->[me.leolin:ShortcutBadger:1.1.22] AndroidManifest.xml:19:22-83
26    <uses-permission android:name="com.sec.android.provider.badge.permission.WRITE" /> <!-- for htc -->
26-->[me.leolin:ShortcutBadger:1.1.22] AndroidManifest.xml:20:5-87
26-->[me.leolin:ShortcutBadger:1.1.22] AndroidManifest.xml:20:22-84
27    <uses-permission android:name="com.htc.launcher.permission.READ_SETTINGS" />
27-->[me.leolin:ShortcutBadger:1.1.22] AndroidManifest.xml:23:5-81
27-->[me.leolin:ShortcutBadger:1.1.22] AndroidManifest.xml:23:22-78
28    <uses-permission android:name="com.htc.launcher.permission.UPDATE_SHORTCUT" /> <!-- for sony -->
28-->[me.leolin:ShortcutBadger:1.1.22] AndroidManifest.xml:24:5-83
28-->[me.leolin:ShortcutBadger:1.1.22] AndroidManifest.xml:24:22-80
29    <uses-permission android:name="com.sonyericsson.home.permission.BROADCAST_BADGE" />
29-->[me.leolin:ShortcutBadger:1.1.22] AndroidManifest.xml:27:5-88
29-->[me.leolin:ShortcutBadger:1.1.22] AndroidManifest.xml:27:22-85
30    <uses-permission android:name="com.sonymobile.home.permission.PROVIDER_INSERT_BADGE" /> <!-- for apex -->
30-->[me.leolin:ShortcutBadger:1.1.22] AndroidManifest.xml:28:5-92
30-->[me.leolin:ShortcutBadger:1.1.22] AndroidManifest.xml:28:22-89
31    <uses-permission android:name="com.anddoes.launcher.permission.UPDATE_COUNT" /> <!-- for solid -->
31-->[me.leolin:ShortcutBadger:1.1.22] AndroidManifest.xml:31:5-84
31-->[me.leolin:ShortcutBadger:1.1.22] AndroidManifest.xml:31:22-81
32    <uses-permission android:name="com.majeur.launcher.permission.UPDATE_BADGE" /> <!-- for huawei -->
32-->[me.leolin:ShortcutBadger:1.1.22] AndroidManifest.xml:34:5-83
32-->[me.leolin:ShortcutBadger:1.1.22] AndroidManifest.xml:34:22-80
33    <uses-permission android:name="com.huawei.android.launcher.permission.CHANGE_BADGE" />
33-->[me.leolin:ShortcutBadger:1.1.22] AndroidManifest.xml:37:5-91
33-->[me.leolin:ShortcutBadger:1.1.22] AndroidManifest.xml:37:22-88
34    <uses-permission android:name="com.huawei.android.launcher.permission.READ_SETTINGS" />
34-->[me.leolin:ShortcutBadger:1.1.22] AndroidManifest.xml:38:5-92
34-->[me.leolin:ShortcutBadger:1.1.22] AndroidManifest.xml:38:22-89
35    <uses-permission android:name="com.huawei.android.launcher.permission.WRITE_SETTINGS" /> <!-- for ZUK -->
35-->[me.leolin:ShortcutBadger:1.1.22] AndroidManifest.xml:39:5-93
35-->[me.leolin:ShortcutBadger:1.1.22] AndroidManifest.xml:39:22-90
36    <uses-permission android:name="android.permission.READ_APP_BADGE" /> <!-- for OPPO -->
36-->[me.leolin:ShortcutBadger:1.1.22] AndroidManifest.xml:42:5-73
36-->[me.leolin:ShortcutBadger:1.1.22] AndroidManifest.xml:42:22-70
37    <uses-permission android:name="com.oppo.launcher.permission.READ_SETTINGS" />
37-->[me.leolin:ShortcutBadger:1.1.22] AndroidManifest.xml:45:5-82
37-->[me.leolin:ShortcutBadger:1.1.22] AndroidManifest.xml:45:22-79
38    <uses-permission android:name="com.oppo.launcher.permission.WRITE_SETTINGS" /> <!-- for EvMe -->
38-->[me.leolin:ShortcutBadger:1.1.22] AndroidManifest.xml:46:5-83
38-->[me.leolin:ShortcutBadger:1.1.22] AndroidManifest.xml:46:22-80
39    <uses-permission android:name="me.everything.badger.permission.BADGE_COUNT_READ" />
39-->[me.leolin:ShortcutBadger:1.1.22] AndroidManifest.xml:49:5-88
39-->[me.leolin:ShortcutBadger:1.1.22] AndroidManifest.xml:49:22-85
40    <uses-permission android:name="me.everything.badger.permission.BADGE_COUNT_WRITE" />
40-->[me.leolin:ShortcutBadger:1.1.22] AndroidManifest.xml:50:5-89
40-->[me.leolin:ShortcutBadger:1.1.22] AndroidManifest.xml:50:22-86
41
42    <application
42-->src\main\AndroidManifest.xml:10:5-36:19
43        android:name="com.omnienterprises.funeralcall.MainApplication"
43-->src\main\AndroidManifest.xml:11:7-38
44        android:allowBackup="false"
44-->src\main\AndroidManifest.xml:15:7-34
45        android:appComponentFactory="androidx.core.app.CoreComponentFactory"
45-->[androidx.core:core:1.2.0] AndroidManifest.xml:24:18-86
46        android:extractNativeLibs="false"
47        android:icon="@mipmap/ic_launcher"
47-->src\main\AndroidManifest.xml:13:7-41
48        android:label="@string/app_name"
48-->src\main\AndroidManifest.xml:12:7-39
49        android:roundIcon="@mipmap/ic_launcher_round"
49-->src\main\AndroidManifest.xml:14:7-52
50        android:theme="@style/AppTheme"
50-->src\main\AndroidManifest.xml:16:7-38
51        android:usesCleartextTraffic="true" >
51-->src\main\AndroidManifest.xml:17:7-42
52        <activity
52-->src\main\AndroidManifest.xml:20:7-31:18
53            android:name="com.omnienterprises.funeralcall.MainActivity"
53-->src\main\AndroidManifest.xml:21:9-37
54            android:configChanges="keyboard|keyboardHidden|orientation|screenSize|uiMode"
54-->src\main\AndroidManifest.xml:23:9-86
55            android:exported="true"
55-->src\main\AndroidManifest.xml:24:9-32
56            android:label="@string/app_name"
56-->src\main\AndroidManifest.xml:22:9-41
57            android:launchMode="singleTask"
57-->src\main\AndroidManifest.xml:25:9-40
58            android:windowSoftInputMode="adjustResize" >
58-->src\main\AndroidManifest.xml:26:9-51
59            <intent-filter>
59-->src\main\AndroidManifest.xml:27:9-30:25
60                <action android:name="android.intent.action.MAIN" />
60-->src\main\AndroidManifest.xml:28:13-65
60-->src\main\AndroidManifest.xml:28:21-62
61
62                <category android:name="android.intent.category.LAUNCHER" />
62-->src\main\AndroidManifest.xml:29:13-73
62-->src\main\AndroidManifest.xml:29:23-70
63            </intent-filter>
64        </activity>
65        <activity android:name="com.facebook.react.devsupport.DevSettingsActivity" />
65-->src\main\AndroidManifest.xml:32:7-84
65-->src\main\AndroidManifest.xml:32:17-81
66
67        <meta-data
67-->src\main\AndroidManifest.xml:33:9-35:60
68            android:name="com.google.firebase.messaging.default_notification_icon"
68-->src\main\AndroidManifest.xml:34:17-87
69            android:resource="@drawable/notification" />
69-->src\main\AndroidManifest.xml:35:17-58
70        <!-- Disable crashlytics by default so we can custom init with CrashlyticsNdk support -->
71        <meta-data
71-->[:react-native-firebase_crashlytics] AndroidManifest.xml:10:9-12:37
72            android:name="firebase_crashlytics_collection_enabled"
72-->[:react-native-firebase_crashlytics] AndroidManifest.xml:11:13-67
73            android:value="false" />
73-->[:react-native-firebase_crashlytics] AndroidManifest.xml:12:13-34
74
75        <provider
75-->[:react-native-firebase_crashlytics] AndroidManifest.xml:14:9-18:38
76            android:name="io.invertase.firebase.crashlytics.ReactNativeFirebaseCrashlyticsInitProvider"
76-->[:react-native-firebase_crashlytics] AndroidManifest.xml:15:13-104
77            android:authorities="com.omnienterprises.funeralcall.reactnativefirebasecrashlyticsinitprovider"
77-->[:react-native-firebase_crashlytics] AndroidManifest.xml:16:13-94
78            android:exported="false"
78-->[:react-native-firebase_crashlytics] AndroidManifest.xml:17:13-37
79            android:initOrder="98" />
79-->[:react-native-firebase_crashlytics] AndroidManifest.xml:18:13-35
80
81        <service android:name="io.invertase.firebase.messaging.ReactNativeFirebaseMessagingHeadlessService" />
81-->[:react-native-firebase_messaging] AndroidManifest.xml:12:9-111
81-->[:react-native-firebase_messaging] AndroidManifest.xml:12:18-108
82        <service
82-->[:react-native-firebase_messaging] AndroidManifest.xml:13:9-19:19
83            android:name="io.invertase.firebase.messaging.ReactNativeFirebaseMessagingService"
83-->[:react-native-firebase_messaging] AndroidManifest.xml:14:13-95
84            android:exported="false" >
84-->[:react-native-firebase_messaging] AndroidManifest.xml:15:13-37
85            <intent-filter>
85-->[:react-native-firebase_messaging] AndroidManifest.xml:16:13-18:29
86                <action android:name="com.google.firebase.MESSAGING_EVENT" />
86-->[:react-native-firebase_messaging] AndroidManifest.xml:17:17-78
86-->[:react-native-firebase_messaging] AndroidManifest.xml:17:25-75
87            </intent-filter>
88        </service>
89
90        <receiver
90-->[:react-native-firebase_messaging] AndroidManifest.xml:21:9-28:20
91            android:name="io.invertase.firebase.messaging.ReactNativeFirebaseMessagingReceiver"
91-->[:react-native-firebase_messaging] AndroidManifest.xml:22:13-96
92            android:exported="true"
92-->[:react-native-firebase_messaging] AndroidManifest.xml:23:13-36
93            android:permission="com.google.android.c2dm.permission.SEND" >
93-->[:react-native-firebase_messaging] AndroidManifest.xml:24:13-73
94            <intent-filter>
94-->[:react-native-firebase_messaging] AndroidManifest.xml:25:13-27:29
95                <action android:name="com.google.android.c2dm.intent.RECEIVE" />
95-->[:react-native-firebase_messaging] AndroidManifest.xml:26:17-81
95-->[:react-native-firebase_messaging] AndroidManifest.xml:26:25-78
96            </intent-filter>
97        </receiver>
98
99        <meta-data
99-->[:react-native-firebase_messaging] AndroidManifest.xml:30:9-32:36
100            android:name="firebase_messaging_auto_init_enabled"
100-->[:react-native-firebase_messaging] AndroidManifest.xml:31:13-64
101            android:value="true" />
101-->[:react-native-firebase_messaging] AndroidManifest.xml:32:13-33
102        <meta-data
102-->[:react-native-firebase_messaging] AndroidManifest.xml:33:9-35:32
103            android:name="com.google.firebase.messaging.default_notification_channel_id"
103-->[:react-native-firebase_messaging] AndroidManifest.xml:34:13-89
104            android:value="" />
104-->[:react-native-firebase_messaging] AndroidManifest.xml:35:13-29
105        <meta-data
105-->[:react-native-firebase_messaging] AndroidManifest.xml:36:9-38:47
106            android:name="com.google.firebase.messaging.default_notification_color"
106-->[:react-native-firebase_messaging] AndroidManifest.xml:37:13-84
107            android:resource="@color/white" />
107-->[:react-native-firebase_messaging] AndroidManifest.xml:38:13-44
108
109        <service
109-->[com.google.firebase:firebase-crashlytics-ndk:18.0.1] AndroidManifest.xml:32:9-38:19
110            android:name="com.google.firebase.components.ComponentDiscoveryService"
110-->[com.google.firebase:firebase-crashlytics-ndk:18.0.1] AndroidManifest.xml:33:13-84
111            android:directBootAware="true"
111-->[com.google.firebase:firebase-common:22.0.1] AndroidManifest.xml:32:13-43
112            android:exported="false" >
112-->[com.google.firebase:firebase-crashlytics-ndk:18.0.1] AndroidManifest.xml:34:13-37
113            <meta-data
113-->[com.google.firebase:firebase-crashlytics-ndk:18.0.1] AndroidManifest.xml:35:13-37:85
114                android:name="com.google.firebase.components:com.google.firebase.crashlytics.ndk.CrashlyticsNdkRegistrar"
114-->[com.google.firebase:firebase-crashlytics-ndk:18.0.1] AndroidManifest.xml:36:17-122
115                android:value="com.google.firebase.components.ComponentRegistrar" />
115-->[com.google.firebase:firebase-crashlytics-ndk:18.0.1] AndroidManifest.xml:37:17-82
116            <meta-data
116-->[com.google.firebase:firebase-crashlytics:18.0.1] AndroidManifest.xml:18:13-20:85
117                android:name="com.google.firebase.components:com.google.firebase.crashlytics.CrashlyticsRegistrar"
117-->[com.google.firebase:firebase-crashlytics:18.0.1] AndroidManifest.xml:19:17-115
118                android:value="com.google.firebase.components.ComponentRegistrar" />
118-->[com.google.firebase:firebase-crashlytics:18.0.1] AndroidManifest.xml:20:17-82
119            <meta-data
119-->[com.google.firebase:firebase-messaging:25.0.1] AndroidManifest.xml:57:13-59:85
120                android:name="com.google.firebase.components:com.google.firebase.messaging.FirebaseMessagingKtxRegistrar"
120-->[com.google.firebase:firebase-messaging:25.0.1] AndroidManifest.xml:58:17-122
121                android:value="com.google.firebase.components.ComponentRegistrar" />
121-->[com.google.firebase:firebase-messaging:25.0.1] AndroidManifest.xml:59:17-82
122            <meta-data
122-->[com.google.firebase:firebase-messaging:25.0.1] AndroidManifest.xml:60:13-62:85
123                android:name="com.google.firebase.components:com.google.firebase.messaging.FirebaseMessagingRegistrar"
123-->[com.google.firebase:firebase-messaging:25.0.1] AndroidManifest.xml:61:17-119
124                android:value="com.google.firebase.components.ComponentRegistrar" />
124-->[com.google.firebase:firebase-messaging:25.0.1] AndroidManifest.xml:62:17-82
125            <meta-data
125-->[com.google.firebase:firebase-iid:21.1.0] AndroidManifest.xml:32:13-34:85
126                android:name="com.google.firebase.components:com.google.firebase.iid.Registrar"
126-->[com.google.firebase:firebase-iid:21.1.0] AndroidManifest.xml:33:17-96
127                android:value="com.google.firebase.components.ComponentRegistrar" />
127-->[com.google.firebase:firebase-iid:21.1.0] AndroidManifest.xml:34:17-82
128            <meta-data
128-->[com.google.firebase:firebase-installations:18.0.0] AndroidManifest.xml:15:13-17:85
129                android:name="com.google.firebase.components:com.google.firebase.installations.FirebaseInstallationsKtxRegistrar"
129-->[com.google.firebase:firebase-installations:18.0.0] AndroidManifest.xml:16:17-130
130                android:value="com.google.firebase.components.ComponentRegistrar" />
130-->[com.google.firebase:firebase-installations:18.0.0] AndroidManifest.xml:17:17-82
131            <meta-data
131-->[com.google.firebase:firebase-installations:18.0.0] AndroidManifest.xml:18:13-20:85
132                android:name="com.google.firebase.components:com.google.firebase.installations.FirebaseInstallationsRegistrar"
132-->[com.google.firebase:firebase-installations:18.0.0] AndroidManifest.xml:19:17-127
133                android:value="com.google.firebase.components.ComponentRegistrar" />
133-->[com.google.firebase:firebase-installations:18.0.0] AndroidManifest.xml:20:17-82
134            <meta-data
134-->[com.google.firebase:firebase-common-ktx:21.0.0] AndroidManifest.xml:12:13-14:85
135                android:name="com.google.firebase.components:com.google.firebase.ktx.FirebaseCommonLegacyRegistrar"
135-->[com.google.firebase:firebase-common-ktx:21.0.0] AndroidManifest.xml:13:17-116
136                android:value="com.google.firebase.components.ComponentRegistrar" />
136-->[com.google.firebase:firebase-common-ktx:21.0.0] AndroidManifest.xml:14:17-82
137            <meta-data
137-->[com.google.firebase:firebase-common:22.0.1] AndroidManifest.xml:35:13-37:85
138                android:name="com.google.firebase.components:com.google.firebase.FirebaseCommonKtxRegistrar"
138-->[com.google.firebase:firebase-common:22.0.1] AndroidManifest.xml:36:17-109
139                android:value="com.google.firebase.components.ComponentRegistrar" />
139-->[com.google.firebase:firebase-common:22.0.1] AndroidManifest.xml:37:17-82
140            <meta-data
140-->[com.google.firebase:firebase-datatransport:18.2.0] AndroidManifest.xml:25:13-27:85
141                android:name="com.google.firebase.components:com.google.firebase.datatransport.TransportRegistrar"
141-->[com.google.firebase:firebase-datatransport:18.2.0] AndroidManifest.xml:26:17-115
142                android:value="com.google.firebase.components.ComponentRegistrar" />
142-->[com.google.firebase:firebase-datatransport:18.2.0] AndroidManifest.xml:27:17-82
143        </service>
144
145        <receiver
145-->[com.google.firebase:firebase-messaging:25.0.1] AndroidManifest.xml:29:9-40:20
146            android:name="com.google.firebase.iid.FirebaseInstanceIdReceiver"
146-->[com.google.firebase:firebase-messaging:25.0.1] AndroidManifest.xml:30:13-78
147            android:exported="true"
147-->[com.google.firebase:firebase-messaging:25.0.1] AndroidManifest.xml:31:13-36
148            android:permission="com.google.android.c2dm.permission.SEND" >
148-->[com.google.firebase:firebase-messaging:25.0.1] AndroidManifest.xml:32:13-73
149            <intent-filter>
149-->[:react-native-firebase_messaging] AndroidManifest.xml:25:13-27:29
150                <action android:name="com.google.android.c2dm.intent.RECEIVE" />
150-->[:react-native-firebase_messaging] AndroidManifest.xml:26:17-81
150-->[:react-native-firebase_messaging] AndroidManifest.xml:26:25-78
151            </intent-filter>
152
153            <meta-data
153-->[com.google.firebase:firebase-messaging:25.0.1] AndroidManifest.xml:37:13-39:40
154                android:name="com.google.android.gms.cloudmessaging.FINISHED_AFTER_HANDLED"
154-->[com.google.firebase:firebase-messaging:25.0.1] AndroidManifest.xml:38:17-92
155                android:value="true" />
155-->[com.google.firebase:firebase-messaging:25.0.1] AndroidManifest.xml:39:17-37
156        </receiver>
157        <!--
158             FirebaseMessagingService performs security checks at runtime,
159             but set to not exported to explicitly avoid allowing another app to call it.
160        -->
161        <service
161-->[com.google.firebase:firebase-messaging:25.0.1] AndroidManifest.xml:46:9-53:19
162            android:name="com.google.firebase.messaging.FirebaseMessagingService"
162-->[com.google.firebase:firebase-messaging:25.0.1] AndroidManifest.xml:47:13-82
163            android:directBootAware="true"
163-->[com.google.firebase:firebase-messaging:25.0.1] AndroidManifest.xml:48:13-43
164            android:exported="false" >
164-->[com.google.firebase:firebase-messaging:25.0.1] AndroidManifest.xml:49:13-37
165            <intent-filter android:priority="-500" >
165-->[:react-native-firebase_messaging] AndroidManifest.xml:16:13-18:29
166                <action android:name="com.google.firebase.MESSAGING_EVENT" />
166-->[:react-native-firebase_messaging] AndroidManifest.xml:17:17-78
166-->[:react-native-firebase_messaging] AndroidManifest.xml:17:25-75
167            </intent-filter>
168        </service>
169
170        <provider
170-->[com.google.firebase:firebase-common:22.0.1] AndroidManifest.xml:23:9-28:39
171            android:name="com.google.firebase.provider.FirebaseInitProvider"
171-->[com.google.firebase:firebase-common:22.0.1] AndroidManifest.xml:24:13-77
172            android:authorities="com.omnienterprises.funeralcall.firebaseinitprovider"
172-->[com.google.firebase:firebase-common:22.0.1] AndroidManifest.xml:25:13-72
173            android:directBootAware="true"
173-->[com.google.firebase:firebase-common:22.0.1] AndroidManifest.xml:26:13-43
174            android:exported="false"
174-->[com.google.firebase:firebase-common:22.0.1] AndroidManifest.xml:27:13-37
175            android:initOrder="100" />
175-->[com.google.firebase:firebase-common:22.0.1] AndroidManifest.xml:28:13-36
176
177        <service
177-->[com.google.android.datatransport:transport-backend-cct:3.1.9] AndroidManifest.xml:28:9-34:19
178            android:name="com.google.android.datatransport.runtime.backends.TransportBackendDiscovery"
178-->[com.google.android.datatransport:transport-backend-cct:3.1.9] AndroidManifest.xml:29:13-103
179            android:exported="false" >
179-->[com.google.android.datatransport:transport-backend-cct:3.1.9] AndroidManifest.xml:30:13-37
180            <meta-data
180-->[com.google.android.datatransport:transport-backend-cct:3.1.9] AndroidManifest.xml:31:13-33:39
181                android:name="backend:com.google.android.datatransport.cct.CctBackendFactory"
181-->[com.google.android.datatransport:transport-backend-cct:3.1.9] AndroidManifest.xml:32:17-94
182                android:value="cct" />
182-->[com.google.android.datatransport:transport-backend-cct:3.1.9] AndroidManifest.xml:33:17-36
183        </service>
184        <service
184-->[com.google.android.datatransport:transport-runtime:3.1.9] AndroidManifest.xml:26:9-30:19
185            android:name="com.google.android.datatransport.runtime.scheduling.jobscheduling.JobInfoSchedulerService"
185-->[com.google.android.datatransport:transport-runtime:3.1.9] AndroidManifest.xml:27:13-117
186            android:exported="false"
186-->[com.google.android.datatransport:transport-runtime:3.1.9] AndroidManifest.xml:28:13-37
187            android:permission="android.permission.BIND_JOB_SERVICE" >
187-->[com.google.android.datatransport:transport-runtime:3.1.9] AndroidManifest.xml:29:13-69
188        </service>
189
190        <receiver
190-->[com.google.android.datatransport:transport-runtime:3.1.9] AndroidManifest.xml:32:9-34:40
191            android:name="com.google.android.datatransport.runtime.scheduling.jobscheduling.AlarmManagerSchedulerBroadcastReceiver"
191-->[com.google.android.datatransport:transport-runtime:3.1.9] AndroidManifest.xml:33:13-132
192            android:exported="false" />
192-->[com.google.android.datatransport:transport-runtime:3.1.9] AndroidManifest.xml:34:13-37
193
194        <activity
194-->[com.google.android.gms:play-services-auth:19.0.0] AndroidManifest.xml:23:9-27:75
195            android:name="com.google.android.gms.auth.api.signin.internal.SignInHubActivity"
195-->[com.google.android.gms:play-services-auth:19.0.0] AndroidManifest.xml:24:13-93
196            android:excludeFromRecents="true"
196-->[com.google.android.gms:play-services-auth:19.0.0] AndroidManifest.xml:25:13-46
197            android:exported="false"
197-->[com.google.android.gms:play-services-auth:19.0.0] AndroidManifest.xml:26:13-37
198            android:theme="@android:style/Theme.Translucent.NoTitleBar" />
198-->[com.google.android.gms:play-services-auth:19.0.0] AndroidManifest.xml:27:13-72
199        <!--
200            Service handling Google Sign-In user revocation. For apps that do not integrate with
201            Google Sign-In, this service will never be started.
202        -->
203        <service
203-->[com.google.android.gms:play-services-auth:19.0.0] AndroidManifest.xml:33:9-37:51
204            android:name="com.google.android.gms.auth.api.signin.RevocationBoundService"
204-->[com.google.android.gms:play-services-auth:19.0.0] AndroidManifest.xml:34:13-89
205            android:exported="true"
205-->[com.google.android.gms:play-services-auth:19.0.0] AndroidManifest.xml:35:13-36
206            android:permission="com.google.android.gms.auth.api.signin.permission.REVOCATION_NOTIFICATION"
206-->[com.google.android.gms:play-services-auth:19.0.0] AndroidManifest.xml:36:13-107
207            android:visibleToInstantApps="true" />
207-->[com.google.android.gms:play-services-auth:19.0.0] AndroidManifest.xml:37:13-48
208
209        <activity
209-->[com.google.android.gms:play-services-base:18.1.0] AndroidManifest.xml:20:9-22:45
210            android:name="com.google.android.gms.common.api.GoogleApiActivity"
210-->[com.google.android.gms:play-services-base:18.1.0] AndroidManifest.xml:20:19-85
211            android:exported="false"
211-->[com.google.android.gms:play-services-base:18.1.0] AndroidManifest.xml:22:19-43
212            android:theme="@android:style/Theme.Translucent.NoTitleBar" />
212-->[com.google.android.gms:play-services-base:18.1.0] AndroidManifest.xml:21:19-78
213
214        <meta-data
214-->[com.google.android.gms:play-services-basement:18.3.0] AndroidManifest.xml:21:9-23:69
215            android:name="com.google.android.gms.version"
215-->[com.google.android.gms:play-services-basement:18.3.0] AndroidManifest.xml:22:13-58
216            android:value="@integer/google_play_services_version" />
216-->[com.google.android.gms:play-services-basement:18.3.0] AndroidManifest.xml:23:13-66
217    </application>
218
219</manifest>